[   114.749] 
X.Org X Server 1.19.2
Release Date: 2017-03-02
[   114.749] X Protocol Version 11, Revision 0
[   114.749] Build Operating System: Linux 4.9.0-8-amd64 x86_64 Debian
[   114.749] Current Operating System: Linux carledwardsfaa 4.15.0-1066-azure #71-Ubuntu SMP Thu Dec 12 20:35:32 UTC 2019 x86_64
[   114.749] Kernel command line: BOOT_IMAGE=/boot/vmlinuz-4.15.0-1066-azure root=UUID=408a4949-3bac-4860-bf5d-9cfa3c59582d ro console=tty1 console=ttyS0 earlyprintk=ttyS0 rootdelay=300
[   114.749] Build Date: 03 November 2018  03:09:11AM
[   114.749] xorg-server 2:1.19.2-1+deb9u5 (https://www.debian.org/support) 
[   114.749] Current version of pixman: 0.33.6
[   114.749] 	Before reporting problems, check http://wiki.x.org
	to make sure that you have the latest version.
[   114.749] Markers: (--) probed, (**) from config file, (==) default setting,
	(++) from command line, (!!) notice, (II) informational,
	(WW) warning, (EE) error, (NI) not implemented, (??) unknown.
[   114.749] (==) Log file: "/home/carledwardsfaa/.local/share/xorg/Xorg.10.log", Time: Wed Apr  7 18:39:30 2021
[   114.822] (++) Using config file: "/etc/X11/xrdp/xorg.conf"
[   114.822] (==) Using system config directory "/usr/share/X11/xorg.conf.d"
[   114.862] (==) ServerLayout "X11 Server"
[   114.862] (**) |-->Screen "Screen (xrdpdev)" (0)
[   114.862] (**) |   |-->Monitor "Monitor"
[   114.912] (**) |   |-->Device "Video Card (xrdpdev)"
[   114.912] (**) |-->Input Device "xrdpMouse"
[   114.912] (**) |-->Input Device "xrdpKeyboard"
[   114.912] (**) Option "DontVTSwitch" "on"
[   114.912] (**) Option "AutoAddDevices" "off"
[   114.912] (**) Not automatically adding devices
[   114.912] (==) Automatically enabling devices
[   114.912] (==) Automatically adding GPU devices
[   114.912] (==) Max clients allowed: 256, resource mask: 0x1fffff
[   114.918] (WW) The directory "/usr/share/fonts/X11/cyrillic" does not exist.
[   114.918] 	Entry deleted from font path.
[   114.918] (WW) The directory "/usr/share/fonts/X11/100dpi/" does not exist.
[   114.918] 	Entry deleted from font path.
[   114.918] (WW) The directory "/usr/share/fonts/X11/75dpi/" does not exist.
[   114.918] 	Entry deleted from font path.
[   114.940] (WW) The directory "/usr/share/fonts/X11/100dpi" does not exist.
[   114.940] 	Entry deleted from font path.
[   114.940] (WW) The directory "/usr/share/fonts/X11/75dpi" does not exist.
[   114.940] 	Entry deleted from font path.
[   114.940] (==) FontPath set to:
	/usr/share/fonts/X11/misc,
	/usr/share/fonts/X11/Type1,
	built-ins
[   114.940] (==) ModulePath set to "/usr/lib/xorg/modules"
[   114.940] (II) Loader magic: 0x55b82671de00
[   114.940] (II) Module ABI versions:
[   114.940] 	X.Org ANSI C Emulation: 0.4
[   114.940] 	X.Org Video Driver: 23.0
[   114.940] 	X.Org XInput driver : 24.1
[   114.940] 	X.Org Server Extension : 10.0
[   114.942] (II) systemd-logind: took control of session /org/freedesktop/login1/session/c2
[   114.954] (--) PCI:*(0:0:8:0) 1414:5353:0000:0000 rev 0, Mem @ 0xf8000000/67108864, BIOS @ 0x????????/131072
[   114.954] (II) "glx" will be loaded. This was enabled by default and also specified in the config file.
[   114.954] (II) LoadModule: "dbe"
[   114.954] (II) Module "dbe" already built-in
[   114.954] (II) LoadModule: "ddc"
[   114.954] (II) Module "ddc" already built-in
[   114.954] (II) LoadModule: "extmod"
[   114.954] (II) Module "extmod" already built-in
[   114.954] (II) LoadModule: "glx"
[   114.964] (II) Loading /usr/lib/xorg/modules/extensions/libglx.so
[   115.286] (II) Module glx: vendor="X.Org Foundation"
[   115.286] 	compiled for 1.19.2, module version = 1.0.0
[   115.286] 	ABI class: X.Org Server Extension, version 10.0
[   115.286] (II) LoadModule: "int10"
[   115.286] (II) Loading /usr/lib/xorg/modules/libint10.so
[   115.305] (II) Module int10: vendor="X.Org Foundation"
[   115.305] 	compiled for 1.19.2, module version = 1.0.0
[   115.305] 	ABI class: X.Org Video Driver, version 23.0
[   115.305] (II) LoadModule: "record"
[   115.305] (II) Module "record" already built-in
[   115.305] (II) LoadModule: "vbe"
[   115.305] (II) Loading /usr/lib/xorg/modules/libvbe.so
[   115.312] (II) Module vbe: vendor="X.Org Foundation"
[   115.312] 	compiled for 1.19.2, module version = 1.1.0
[   115.312] 	ABI class: X.Org Video Driver, version 23.0
[   115.312] (II) LoadModule: "xorgxrdp"
[   115.313] (II) Loading /usr/lib/xorg/modules/libxorgxrdp.so
[   115.327] (II) Module XORGXRDP: vendor="X.Org Foundation"
[   115.327] 	compiled for 1.19.2, module version = 1.0.0
[   115.327] 	ABI class: X.Org Video Driver, version 23.0
[   115.327] xorgxrdpSetup:
[   115.327] (II) LoadModule: "fb"
[   115.327] (II) Loading /usr/lib/xorg/modules/libfb.so
[   115.343] (II) Module fb: vendor="X.Org Foundation"
[   115.343] 	compiled for 1.19.2, module version = 1.0.0
[   115.343] 	ABI class: X.Org ANSI C Emulation, version 0.4
[   115.343] (II) LoadModule: "xrdpdev"
[   115.343] (II) Loading /usr/lib/xorg/modules/drivers/xrdpdev_drv.so
[   115.351] (II) Module XRDPDEV: vendor="X.Org Foundation"
[   115.351] 	compiled for 1.19.2, module version = 1.0.0
[   115.351] 	ABI class: X.Org Video Driver, version 23.0
[   115.351] xrdpdevSetup:
[   115.351] (II) LoadModule: "xrdpmouse"
[   115.351] (II) Loading /usr/lib/xorg/modules/input/xrdpmouse_drv.so
[   115.360] (II) Module XRDPMOUSE: vendor="X.Org Foundation"
[   115.360] 	compiled for 1.19.2, module version = 1.0.0
[   115.360] 	Module class: X.Org XInput Driver
[   115.360] 	ABI class: X.Org XInput driver, version 24.1
[   115.360] rdpmousePlug:
[   115.360] (II) LoadModule: "xrdpkeyb"
[   115.360] (II) Loading /usr/lib/xorg/modules/input/xrdpkeyb_drv.so
[   115.360] (II) Module XRDPKEYB: vendor="X.Org Foundation"
[   115.360] 	compiled for 1.19.2, module version = 1.0.0
[   115.360] 	Module class: X.Org XInput Driver
[   115.360] 	ABI class: X.Org XInput driver, version 24.1
[   115.360] rdpkeybPlug:
[   115.360] rdpIdentify:
[   115.360] (II) XRDPDEV: driver for xrdp: XRDPDEV
[   115.360] rdpDriverFunc: op 10
[   115.360] (WW) Falling back to old probe method for XRDPDEV
[   115.360] rdpProbe:
[   115.360] (II) Loading sub module "fb"
[   115.360] (II) LoadModule: "fb"
[   115.360] (II) Loading /usr/lib/xorg/modules/libfb.so
[   115.360] (II) Module fb: vendor="X.Org Foundation"
[   115.360] 	compiled for 1.19.2, module version = 1.0.0
[   115.360] 	ABI class: X.Org ANSI C Emulation, version 0.4
[   115.360] (II) XRDPDEV(0): using default device
[   115.360] (WW) VGA arbiter: cannot open kernel arbiter, no multi-card support
[   115.360] rdpPreInit:
[   115.360] (**) XRDPDEV(0): Depth 24, (--) framebuffer bpp 32
[   115.360] (==) XRDPDEV(0): RGB weight 888
[   115.360] (==) XRDPDEV(0): Using gamma correction (1.0, 1.0, 1.0)
[   115.360] (==) XRDPDEV(0): Default visual is TrueColor
[   115.360] (==) XRDPDEV(0): DPI set to (96, 96)
[   115.360] (II) XRDPDEV(0): 	mode "640x480" ok
[   115.360] (II) XRDPDEV(0): 	mode "800x600" ok
[   115.360] (--) XRDPDEV(0): Virtual size is 800x600 (pitch 800)
[   115.360] (**) XRDPDEV(0):  Default mode "800x600": 36.0 MHz (scaled from 0.0 MHz), 35.2 kHz, 56.2 Hz
[   115.360] (II) XRDPDEV(0): Modeline "800x600"x0.0   36.00  800 824 896 1024  600 601 603 625 +hsync +vsync (35.2 kHz d)
[   115.360] (==) Depth 24 pixmap format is 32 bpp
[   115.370] rdpScreenInit: virtualX 800 virtualY 600 rgbBits 8 depth 24
[   115.370] rdpScreenInit: pfbMemory bytes 1920000
[   115.370] rdpScreenInit: pfbMemory 0x7f827b3f3010
[   115.378] rdpSimdInit: assigning yuv functions
[   115.378] rdpSimdInit: cpuid ax 1 cx 0 return ax 0x000406f1 bx 0x01020800 cx 0xfeda3223 dx 0x1f8bfbff
[   115.378] rdpSimdInit: sse2 amd64 yuv functions assigned
[   115.378] rdpXvInit: depth 24
[   115.391] (==) XRDPDEV(0): Backing store enabled
[   115.401] rdpScreenInit: out
[   115.407] (==) RandR enabled
[   115.419] (II) SELinux: Disabled on system
[   115.426] (II) AIGLX: Screen 0 is not DRI2 capable
[   115.426] (EE) AIGLX: reverting to software rendering
[   117.537] (II) IGLX: enabled GLX_MESA_copy_sub_buffer
[   117.537] (II) IGLX: Loaded and initialized swrast
[   117.537] (II) GLX: Initialized DRISWRAST GL provider for screen 0
[   117.778] (II) Using input driver 'XRDPMOUSE' for 'xrdpMouse'
[   117.778] (**) Option "CorePointer"
[   117.778] (**) xrdpMouse: always reports core events
[   117.778] rdpmousePreInit: drv 0x55b8274cb850 info 0x55b8275e43a0, flags 0x0
[   117.778] (II) XINPUT: Adding extended input device "xrdpMouse" (type: Mouse, id 6)
[   117.778] rdpmouseControl: what 0
[   117.778] rdpmouseDeviceInit:
[   117.778] rdpmouseCtrl:
[   117.778] rdpRegisterInputCallback: type 1 proc 0x7f827b7ccc70
[   117.778] (**) xrdpMouse: (accel) keeping acceleration scheme 1
[   117.778] (**) xrdpMouse: (accel) acceleration profile 0
[   117.778] (**) xrdpMouse: (accel) acceleration factor: 2.000
[   117.778] (**) xrdpMouse: (accel) acceleration threshold: 4
[   117.778] rdpmouseControl: what 1
[   117.778] rdpmouseDeviceOn:
[   117.778] (II) Using input driver 'XRDPKEYB' for 'xrdpKeyboard'
[   117.778] (**) Option "CoreKeyboard"
[   117.778] (**) xrdpKeyboard: always reports core events
[   117.778] rdpkeybPreInit: drv 0x55b8274cbff0 info 0x55b82776de20, flags 0x0
[   117.778] (II) XINPUT: Adding extended input device "xrdpKeyboard" (type: Keyboard, id 7)
[   117.778] rdpkeybControl: what 0
[   117.778] rdpkeybDeviceInit:
[   117.792] rdpkeybChangeKeyboardControl:
[   117.792] rdpkeybChangeKeyboardControl: autoRepeat on
[   117.792] rdpRegisterInputCallback: type 0 proc 0x7f827b5c9530
[   117.792] rdpkeybControl: what 1
[   117.792] rdpkeybDeviceOn:
[   117.799] (II) config/udev: Adding input device Microsoft Vmbus HID-compliant Mouse (/dev/input/event3)
[   117.799] (II) AutoAddDevices is off - not adding device.
[   117.799] (II) config/udev: Adding input device Microsoft Vmbus HID-compliant Mouse (/dev/input/js0)
[   117.799] (II) AutoAddDevices is off - not adding device.
[   117.799] (II) config/udev: Adding input device Microsoft Vmbus HID-compliant Mouse (/dev/input/mouse0)
[   117.799] (II) AutoAddDevices is off - not adding device.
[   117.799] (II) config/udev: Adding input device Power Button (/dev/input/event0)
[   117.799] (II) AutoAddDevices is off - not adding device.
[   117.800] (II) config/udev: Adding input device AT Translated Set 2 keyboard (/dev/input/event2)
[   117.800] (II) AutoAddDevices is off - not adding device.
[   117.800] (II) config/udev: Adding input device AT Translated Set 2 keyboard (/dev/input/event1)
[   117.800] (II) AutoAddDevices is off - not adding device.
[   117.805] rdpSaveScreen:
[   117.806] rdpDeferredRandR:
[   117.806] rdpResizeSession: width 1024 height 768
[   117.806]   calling RRScreenSizeSet
[   117.806] rdpRRScreenSetSize: width 1024 height 768 mmWidth 271 mmHeight 203
[   117.806] rdpRRGetInfo:
[   117.806]   screen resized to 1024x768
[   117.807]   RRScreenSizeSet ok 1
[   117.807] rdpResizeSession: width 1280 height 881
[   117.807]   calling RRScreenSizeSet
[   117.807] rdpRRScreenSetSize: width 1280 height 881 mmWidth 339 mmHeight 233
[   117.807] rdpRRGetInfo:
[   117.807]   screen resized to 1280x881
[   117.809]   RRScreenSizeSet ok 1
[   117.809] rdpClientConGotConnection:
[   117.809] rdpClientConGotConnection: g_sck_accept ok new_sck 7
[   117.809] rdpClientConGotConnection: adding only clientCon
[   117.809] rdpClientConProcessMsgVersion: version 0 0 0 1
[   117.809] rdpClientConProcessScreenSizeMsg: set width 1280 height 881 bpp 16
[   117.809] rdpClientConProcessScreenSizeMsg: shmemid 131076 shmemptr 0x7f82737f1000
[   117.809] rdpClientConProcessMsgClientInput: invalidate x 0 y 0 cx 1280 cy 881
[   117.810] rdpClientConProcessMsgClientInfo:
[   117.810]   got client info bytes 5792
[   117.810]   jpeg support 0
[   117.810]   offscreen support 0
[   117.810]   offscreen size 0
[   117.810]   offscreen entries 0
[   117.810]   client supports glyph cache but server disabled
[   117.810]   client can not do offscreen to offscreen blits
[   117.810]   client can do new(color) cursor
[   117.810]   client can not do multimon
[   117.810] rdpRRSetRdpOutputs: numCrtcs 0
[   117.810] rdpRRSetRdpOutputs: numOutputs 0
[   117.810] rdpLoadLayout: keylayout 0x00000409 variant  display 10
[   117.810] rdpkeybChangeKeyboardControl:
[   117.810] rdpkeybChangeKeyboardControl: autoRepeat on
[   117.811] rdpkeybChangeKeyboardControl:
[   117.811] rdpkeybChangeKeyboardControl: autoRepeat on
[   117.911] rdpInDeferredUpdateCallback:
[   117.911] rdpkeybChangeKeyboardControl:
[   117.911] rdpkeybChangeKeyboardControl: autoRepeat off
[   117.911] rdpkeybChangeKeyboardControl:
[   117.911] rdpkeybChangeKeyboardControl: autoRepeat off
[   119.807] rdpRRGetPanning: 0x55b8274a51d0
[   120.211] rdpRRGetPanning: 0x55b8274a51d0
[   120.248] rdpRRGetPanning: 0x55b8274a51d0
[   120.258] rdpRRGetPanning: 0x55b8274a51d0
[   120.263] rdpRRGetPanning: 0x55b8274a51d0
[   120.282] rdpRRGetPanning: 0x55b8274a51d0
[   120.283] rdpRRGetPanning: 0x55b8274a51d0
[   120.297] rdpRRGetPanning: 0x55b8274a51d0
[   120.298] rdpRRGetPanning: 0x55b8274a51d0
[   120.391] rdpRRGetPanning: 0x55b8274a51d0
[   120.396] rdpRRGetInfo:
[   120.396] rdpRRGetPanning: 0x55b8274a51d0
[   120.437] rdpRRGetInfo:
[   120.437] rdpRRGetInfo:
[   120.437] rdpRRGetPanning: 0x55b8274a51d0
[   120.437] rdpRRGetPanning: 0x55b8274a51d0
[   120.480] rdpSaveScreen:
[   120.528] rdpkeybChangeKeyboardControl:
[   120.528] rdpkeybChangeKeyboardControl: autoRepeat on
[   120.528] rdpkeybChangeKeyboardControl:
[   120.528] rdpkeybChangeKeyboardControl: autoRepeat on
[   120.528] rdpkeybChangeKeyboardControl:
[   120.528] rdpkeybChangeKeyboardControl: autoRepeat on
[   120.528] rdpkeybChangeKeyboardControl:
[   120.528] rdpkeybChangeKeyboardControl: autoRepeat on
[   120.530] rdpkeybChangeKeyboardControl:
[   120.530] rdpkeybChangeKeyboardControl: autoRepeat on
[   120.530] rdpkeybChangeKeyboardControl:
[   120.530] rdpkeybChangeKeyboardControl: autoRepeat on
[   120.630] rdpInDeferredUpdateCallback:
[   120.630] rdpkeybChangeKeyboardControl:
[   120.630] rdpkeybChangeKeyboardControl: autoRepeat off
[   120.630] rdpkeybChangeKeyboardControl:
[   120.630] rdpkeybChangeKeyboardControl: autoRepeat off
[   120.844] rdpkeybChangeKeyboardControl:
[   120.844] rdpkeybChangeKeyboardControl: autoRepeat off
[   120.844] rdpkeybChangeKeyboardControl:
[   120.844] rdpkeybChangeKeyboardControl: autoRepeat off
[   121.220] rdpRRGetInfo:
[   121.546] rdpRRGetPanning: 0x55b8274a51d0
[   121.558] rdpRRGetPanning: 0x55b8274a51d0
[  1683.128] rdpRRGetPanning: 0x55b8274a51d0
[  1683.160] rdpRRGetPanning: 0x55b8274a51d0
[  1687.648] rdpRRGetPanning: 0x55b8274a51d0
[  1687.649] rdpRRGetPanning: 0x55b8274a51d0
[  1689.039] rdpRRGetPanning: 0x55b8274a51d0
[  1689.039] rdpRRGetPanning: 0x55b8274a51d0
[  1708.744] rdpDeferredUpdateCallback: reschedule rect_id 160 rect_id_ack 159
[  1711.218] rdpDeferredUpdateCallback: reschedule rect_id 199 rect_id_ack 198
[  1719.671] rdpDeferredUpdateCallback: reschedule rect_id 302 rect_id_ack 301
[  1719.977] rdpDeferredUpdateCallback: reschedule rect_id 307 rect_id_ack 306
[  1723.200] rdpDeferredUpdateCallback: reschedule rect_id 347 rect_id_ack 346
[  1723.312] rdpDeferredUpdateCallback: reschedule rect_id 348 rect_id_ack 347
[  1723.353] rdpDeferredUpdateCallback: reschedule rect_id 348 rect_id_ack 347
[  1723.393] rdpDeferredUpdateCallback: reschedule rect_id 348 rect_id_ack 347
[  1723.494] rdpDeferredUpdateCallback: reschedule rect_id 349 rect_id_ack 348
[  1780.073] rdpDeferredUpdateCallback: reschedule rect_id 498 rect_id_ack 497
[  1780.893] rdpDeferredUpdateCallback: reschedule rect_id 510 rect_id_ack 509
[  1781.000] rdpDeferredUpdateCallback: reschedule rect_id 511 rect_id_ack 510
[  1781.407] rdpDeferredUpdateCallback: reschedule rect_id 517 rect_id_ack 516
[  1781.744] rdpDeferredUpdateCallback: reschedule rect_id 522 rect_id_ack 521
[  1782.828] rdpDeferredUpdateCallback: reschedule rect_id 538 rect_id_ack 537
[  1783.635] rdpDeferredUpdateCallback: reschedule rect_id 549 rect_id_ack 548
[  1783.730] rdpDeferredUpdateCallback: reschedule rect_id 550 rect_id_ack 549
[  1784.495] rdpDeferredUpdateCallback: reschedule rect_id 561 rect_id_ack 560
[  1784.796] rdpDeferredUpdateCallback: reschedule rect_id 565 rect_id_ack 564
[  1785.111] rdpDeferredUpdateCallback: reschedule rect_id 569 rect_id_ack 568
[  1785.264] rdpDeferredUpdateCallback: reschedule rect_id 571 rect_id_ack 570
[  1785.911] rdpDeferredUpdateCallback: reschedule rect_id 580 rect_id_ack 579
[  1786.493] rdpDeferredUpdateCallback: reschedule rect_id 589 rect_id_ack 588
[  1786.596] rdpDeferredUpdateCallback: reschedule rect_id 590 rect_id_ack 589
[  1787.200] rdpDeferredUpdateCallback: reschedule rect_id 599 rect_id_ack 598
[  1788.470] rdpDeferredUpdateCallback: reschedule rect_id 615 rect_id_ack 614
[  1788.713] rdpDeferredUpdateCallback: reschedule rect_id 618 rect_id_ack 617
[  1789.097] rdpDeferredUpdateCallback: reschedule rect_id 624 rect_id_ack 623
[  2029.739] rdpDeferredUpdateCallback: reschedule rect_id 1141 rect_id_ack 1140
[  2032.494] rdpDeferredUpdateCallback: reschedule rect_id 1184 rect_id_ack 1183
[  2078.871] rdpDeferredUpdateCallback: reschedule rect_id 1353 rect_id_ack 1352
[  2079.671] rdpDeferredUpdateCallback: reschedule rect_id 1361 rect_id_ack 1360
[  2085.037] rdpDeferredUpdateCallback: reschedule rect_id 1406 rect_id_ack 1405
[  2088.362] rdpDeferredUpdateCallback: reschedule rect_id 1424 rect_id_ack 1423
[  2089.284] rdpDeferredUpdateCallback: reschedule rect_id 1438 rect_id_ack 1437
[  2089.324] rdpDeferredUpdateCallback: reschedule rect_id 1438 rect_id_ack 1437
[  2149.706] rdpDeferredUpdateCallback: reschedule rect_id 1641 rect_id_ack 1640
[  2150.031] rdpDeferredUpdateCallback: reschedule rect_id 1646 rect_id_ack 1645
[  2239.346] rdpDeferredUpdateCallback: reschedule rect_id 1888 rect_id_ack 1887
[  2254.386] rdpDeferredUpdateCallback: reschedule rect_id 1964 rect_id_ack 1963
[  2854.861] rdpSaveScreen:
[  2858.566] rdpDeferredUpdateCallback: reschedule rect_id 1989 rect_id_ack 1988
[  2858.662] rdpDeferredUpdateCallback: reschedule rect_id 1990 rect_id_ack 1989
[  2858.703] rdpDeferredUpdateCallback: reschedule rect_id 1990 rect_id_ack 1989
[  2858.743] rdpDeferredUpdateCallback: reschedule rect_id 1990 rect_id_ack 1989
[  2858.784] rdpDeferredUpdateCallback: reschedule rect_id 1990 rect_id_ack 1989
[  2858.872] rdpDeferredUpdateCallback: reschedule rect_id 1991 rect_id_ack 1990
[  2858.912] rdpDeferredUpdateCallback: reschedule rect_id 1991 rect_id_ack 1990
[  2859.062] rdpDeferredUpdateCallback: reschedule rect_id 1993 rect_id_ack 1992
[  2859.156] rdpDeferredUpdateCallback: reschedule rect_id 1994 rect_id_ack 1993
[  2859.196] rdpDeferredUpdateCallback: reschedule rect_id 1994 rect_id_ack 1993
[  2859.236] rdpDeferredUpdateCallback: reschedule rect_id 1994 rect_id_ack 1993
[  2859.337] rdpDeferredUpdateCallback: reschedule rect_id 1995 rect_id_ack 1994
[  2859.377] rdpDeferredUpdateCallback: reschedule rect_id 1995 rect_id_ack 1994
[  2859.462] rdpDeferredUpdateCallback: reschedule rect_id 1996 rect_id_ack 1995
[  2859.549] rdpDeferredUpdateCallback: reschedule rect_id 1997 rect_id_ack 1996
[  2859.644] rdpDeferredUpdateCallback: reschedule rect_id 1998 rect_id_ack 1997
[  2859.741] rdpDeferredUpdateCallback: reschedule rect_id 1999 rect_id_ack 1998
[  2859.781] rdpDeferredUpdateCallback: reschedule rect_id 1999 rect_id_ack 1998
[  2859.822] rdpDeferredUpdateCallback: reschedule rect_id 1999 rect_id_ack 1998
[  2859.862] rdpDeferredUpdateCallback: reschedule rect_id 1999 rect_id_ack 1998
[  2859.948] rdpDeferredUpdateCallback: reschedule rect_id 2000 rect_id_ack 1999
[  2860.043] rdpDeferredUpdateCallback: reschedule rect_id 2001 rect_id_ack 2000
[  2860.129] rdpDeferredUpdateCallback: reschedule rect_id 2002 rect_id_ack 2001
[  2860.276] rdpDeferredUpdateCallback: reschedule rect_id 2004 rect_id_ack 2003
[  2860.316] rdpDeferredUpdateCallback: reschedule rect_id 2004 rect_id_ack 2003
[  2860.408] rdpDeferredUpdateCallback: reschedule rect_id 2005 rect_id_ack 2004
[  2860.449] rdpDeferredUpdateCallback: reschedule rect_id 2005 rect_id_ack 2004
[  2860.489] rdpDeferredUpdateCallback: reschedule rect_id 2005 rect_id_ack 2004
[  2860.529] rdpDeferredUpdateCallback: reschedule rect_id 2005 rect_id_ack 2004
[  2860.681] rdpDeferredUpdateCallback: reschedule rect_id 2007 rect_id_ack 2006
[  2860.721] rdpDeferredUpdateCallback: reschedule rect_id 2007 rect_id_ack 2006
[  2860.820] rdpDeferredUpdateCallback: reschedule rect_id 2008 rect_id_ack 2007
[  2860.860] rdpDeferredUpdateCallback: reschedule rect_id 2008 rect_id_ack 2007
[  2860.900] rdpDeferredUpdateCallback: reschedule rect_id 2008 rect_id_ack 2007
[  2860.940] rdpDeferredUpdateCallback: reschedule rect_id 2008 rect_id_ack 2007
[  2861.033] rdpDeferredUpdateCallback: reschedule rect_id 2009 rect_id_ack 2008
[  2861.073] rdpDeferredUpdateCallback: reschedule rect_id 2009 rect_id_ack 2008
[  2861.113] rdpDeferredUpdateCallback: reschedule rect_id 2009 rect_id_ack 2008
[  2861.210] rdpDeferredUpdateCallback: reschedule rect_id 2010 rect_id_ack 2009
[  2861.250] rdpDeferredUpdateCallback: reschedule rect_id 2010 rect_id_ack 2009
[  2861.296] rdpDeferredUpdateCallback: reschedule rect_id 2010 rect_id_ack 2009
[  2861.336] rdpDeferredUpdateCallback: reschedule rect_id 2010 rect_id_ack 2009
[  2861.432] rdpSaveScreen:
[  2861.435] rdpDeferredUpdateCallback: reschedule rect_id 2011 rect_id_ack 2010
[  3110.900] rdpDeferredUpdateCallback: reschedule rect_id 2063 rect_id_ack 2062
[  3134.704] rdpDeferredUpdateCallback: reschedule rect_id 2179 rect_id_ack 2178
[  3152.000] rdpDeferredUpdateCallback: reschedule rect_id 2246 rect_id_ack 2245
[  3275.160] rdpRRGetPanning: 0x55b8274a51d0
[  3275.176] rdpRRGetPanning: 0x55b8274a51d0
[  3275.300] rdpRRGetPanning: 0x55b8274a51d0
[  3368.705] rdpDeferredUpdateCallback: reschedule rect_id 2487 rect_id_ack 2486
[  3377.418] rdpDeferredUpdateCallback: reschedule rect_id 2542 rect_id_ack 2541
[  3377.566] rdpDeferredUpdateCallback: reschedule rect_id 2544 rect_id_ack 2543
[  3418.709] rdpDeferredUpdateCallback: reschedule rect_id 2683 rect_id_ack 2682
[  3420.620] rdpDeferredUpdateCallback: reschedule rect_id 2711 rect_id_ack 2710
[  3421.236] rdpDeferredUpdateCallback: reschedule rect_id 2720 rect_id_ack 2719
[  3421.454] rdpDeferredUpdateCallback: reschedule rect_id 2723 rect_id_ack 2722
[  3422.213] rdpDeferredUpdateCallback: reschedule rect_id 2734 rect_id_ack 2733
[  4217.232] rdpRRGetPanning: 0x55b8274a51d0
[  4217.250] rdpRRGetPanning: 0x55b8274a51d0
[  4217.375] rdpRRGetPanning: 0x55b8274a51d0
[  4217.375] rdpRRGetPanning: 0x55b8274a51d0
[  4217.436] rdpRRGetPanning: 0x55b8274a51d0
[  4217.436] rdpRRGetPanning: 0x55b8274a51d0
[  5077.204] rdpDeferredUpdateCallback: reschedule rect_id 3958 rect_id_ack 3957
[  5435.600] rdpDeferredUpdateCallback: reschedule rect_id 4593 rect_id_ack 4592
[  5436.550] rdpDeferredUpdateCallback: reschedule rect_id 4606 rect_id_ack 4605
[  5611.259] rdpRRGetPanning: 0x55b8274a51d0
[  5611.274] rdpRRGetPanning: 0x55b8274a51d0
[  5611.397] rdpRRGetPanning: 0x55b8274a51d0
[  5611.397] rdpRRGetPanning: 0x55b8274a51d0
[  5611.456] rdpRRGetPanning: 0x55b8274a51d0
[  5611.456] rdpRRGetPanning: 0x55b8274a51d0
[  6542.657] rdpDeferredUpdateCallback: reschedule rect_id 5469 rect_id_ack 5468
[  6543.720] rdpDeferredUpdateCallback: reschedule rect_id 5485 rect_id_ack 5484
[  6544.697] rdpDeferredUpdateCallback: reschedule rect_id 5501 rect_id_ack 5500
[  6545.317] rdpDeferredUpdateCallback: reschedule rect_id 5511 rect_id_ack 5510
[  6551.824] rdpDeferredUpdateCallback: reschedule rect_id 5522 rect_id_ack 5521
[  7340.010] rdpSaveScreen:
[  7517.692] rdpDeferredUpdateCallback: reschedule rect_id 8420 rect_id_ack 8419
[  8510.809] rdpSaveScreen:
[  9898.316] rdpDeferredUpdateCallback: reschedule rect_id 25941 rect_id_ack 25940
[ 10210.467] rdpDeferredUpdateCallback: reschedule rect_id 26192 rect_id_ack 26191
[ 10223.302] rdpDeferredUpdateCallback: reschedule rect_id 26251 rect_id_ack 26250
[ 10224.223] rdpDeferredUpdateCallback: reschedule rect_id 26264 rect_id_ack 26263
[ 10225.768] rdpDeferredUpdateCallback: reschedule rect_id 26288 rect_id_ack 26287
[ 10228.529] rdpDeferredUpdateCallback: reschedule rect_id 26309 rect_id_ack 26308
[ 10229.985] rdpDeferredUpdateCallback: reschedule rect_id 26326 rect_id_ack 26325
[ 10273.188] rdpDeferredUpdateCallback: reschedule rect_id 26365 rect_id_ack 26364
[ 10282.845] rdpDeferredUpdateCallback: reschedule rect_id 26408 rect_id_ack 26407
[ 10314.942] rdpDeferredUpdateCallback: reschedule rect_id 26515 rect_id_ack 26514
[ 10325.424] rdpDeferredUpdateCallback: reschedule rect_id 26566 rect_id_ack 26565
[ 10381.729] rdpRRGetPanning: 0x55b8274a51d0
[ 10381.746] rdpRRGetPanning: 0x55b8274a51d0
[ 10614.206] rdpDeferredUpdateCallback: reschedule rect_id 26862 rect_id_ack 26861
[ 10615.470] rdpDeferredUpdateCallback: reschedule rect_id 26881 rect_id_ack 26880
[ 10617.833] rdpDeferredUpdateCallback: reschedule rect_id 26894 rect_id_ack 26893
[ 10710.999] rdpDeferredUpdateCallback: reschedule rect_id 26981 rect_id_ack 26980
[ 10711.916] rdpDeferredUpdateCallback: reschedule rect_id 26995 rect_id_ack 26994
[ 10712.126] rdpDeferredUpdateCallback: reschedule rect_id 26998 rect_id_ack 26997
[ 10715.346] rdpDeferredUpdateCallback: reschedule rect_id 27019 rect_id_ack 27018
[ 10808.263] rdpDeferredUpdateCallback: reschedule rect_id 27253 rect_id_ack 27252
[ 10808.509] rdpDeferredUpdateCallback: reschedule rect_id 27257 rect_id_ack 27256
[ 10808.752] rdpDeferredUpdateCallback: reschedule rect_id 27261 rect_id_ack 27260
[ 10808.885] rdpDeferredUpdateCallback: reschedule rect_id 27263 rect_id_ack 27262
[ 10809.090] rdpDeferredUpdateCallback: reschedule rect_id 27266 rect_id_ack 27265
[ 10821.673] rdpDeferredUpdateCallback: reschedule rect_id 27308 rect_id_ack 27307
[ 10821.765] rdpDeferredUpdateCallback: reschedule rect_id 27309 rect_id_ack 27308
[ 10827.742] rdpDeferredUpdateCallback: reschedule rect_id 27325 rect_id_ack 27324
[ 11018.437] rdpDeferredUpdateCallback: reschedule rect_id 27592 rect_id_ack 27591
[ 11027.161] rdpDeferredUpdateCallback: reschedule rect_id 27635 rect_id_ack 27634
[ 11071.605] rdpDeferredUpdateCallback: reschedule rect_id 27659 rect_id_ack 27658
[ 11137.013] rdpDeferredUpdateCallback: reschedule rect_id 27737 rect_id_ack 27736
[ 11137.821] rdpDeferredUpdateCallback: reschedule rect_id 27747 rect_id_ack 27746
[ 11424.437] rdpDeferredUpdateCallback: reschedule rect_id 27964 rect_id_ack 27963
[ 11425.912] rdpDeferredUpdateCallback: reschedule rect_id 27986 rect_id_ack 27985
[ 11426.571] rdpDeferredUpdateCallback: reschedule rect_id 27997 rect_id_ack 27996
[ 11427.094] rdpDeferredUpdateCallback: reschedule rect_id 28005 rect_id_ack 28004
[ 11430.336] rdpDeferredUpdateCallback: reschedule rect_id 28024 rect_id_ack 28023
[ 11597.489] rdpDeferredUpdateCallback: reschedule rect_id 28285 rect_id_ack 28284
[ 11670.010] rdpDeferredUpdateCallback: reschedule rect_id 28394 rect_id_ack 28393
[ 11779.995] rdpDeferredUpdateCallback: reschedule rect_id 28767 rect_id_ack 28766
[ 11780.091] rdpDeferredUpdateCallback: reschedule rect_id 28768 rect_id_ack 28767
[ 11831.715] rdpDeferredUpdateCallback: reschedule rect_id 28812 rect_id_ack 28811
[ 11852.949] rdpDeferredUpdateCallback: reschedule rect_id 28927 rect_id_ack 28926
[ 11853.240] rdpDeferredUpdateCallback: reschedule rect_id 28932 rect_id_ack 28931
[ 11999.207] rdpDeferredUpdateCallback: reschedule rect_id 29229 rect_id_ack 29228
[ 12079.079] rdpDeferredUpdateCallback: reschedule rect_id 29411 rect_id_ack 29410
[ 12091.511] rdpDeferredUpdateCallback: reschedule rect_id 29481 rect_id_ack 29480
[ 12115.332] rdpDeferredUpdateCallback: reschedule rect_id 29525 rect_id_ack 29524
[ 12115.416] rdpDeferredUpdateCallback: reschedule rect_id 29526 rect_id_ack 29525
[ 12115.627] rdpDeferredUpdateCallback: reschedule rect_id 29529 rect_id_ack 29528
[ 12115.884] rdpDeferredUpdateCallback: reschedule rect_id 29533 rect_id_ack 29532
[ 12115.973] rdpDeferredUpdateCallback: reschedule rect_id 29534 rect_id_ack 29533
[ 12322.519] rdpDeferredUpdateCallback: reschedule rect_id 29574 rect_id_ack 29573
[ 12331.410] rdpDeferredUpdateCallback: reschedule rect_id 29602 rect_id_ack 29601
[ 12335.388] rdpDeferredUpdateCallback: reschedule rect_id 29631 rect_id_ack 29630
[ 12391.946] rdpDeferredUpdateCallback: reschedule rect_id 29757 rect_id_ack 29756
[ 12392.182] rdpDeferredUpdateCallback: reschedule rect_id 29760 rect_id_ack 29759
[ 12394.911] rdpDeferredUpdateCallback: reschedule rect_id 29779 rect_id_ack 29778
[ 12469.970] rdpDeferredUpdateCallback: reschedule rect_id 29983 rect_id_ack 29982
