[  5708.027] 
X.Org X Server 1.19.2
Release Date: 2017-03-02
[  5708.027] X Protocol Version 11, Revision 0
[  5708.027] Build Operating System: Linux 4.9.0-8-amd64 x86_64 Debian
[  5708.027] Current Operating System: Linux carledwardsfaa 4.15.0-1066-azure #71-Ubuntu SMP Thu Dec 12 20:35:32 UTC 2019 x86_64
[  5708.027] Kernel command line: BOOT_IMAGE=/boot/vmlinuz-4.15.0-1066-azure root=UUID=408a4949-3bac-4860-bf5d-9cfa3c59582d ro console=tty1 console=ttyS0 earlyprintk=ttyS0 rootdelay=300
[  5708.027] Build Date: 03 November 2018  03:09:11AM
[  5708.027] xorg-server 2:1.19.2-1+deb9u5 (https://www.debian.org/support) 
[  5708.027] Current version of pixman: 0.33.6
[  5708.027] 	Before reporting problems, check http://wiki.x.org
	to make sure that you have the latest version.
[  5708.027] Markers: (--) probed, (**) from config file, (==) default setting,
	(++) from command line, (!!) notice, (II) informational,
	(WW) warning, (EE) error, (NI) not implemented, (??) unknown.
[  5708.027] (==) Log file: "/home/carledwardsfaa/.local/share/xorg/Xorg.11.log", Time: Wed Apr  7 12:42:31 2021
[  5708.027] (++) Using config file: "/etc/X11/xrdp/xorg.conf"
[  5708.027] (==) Using system config directory "/usr/share/X11/xorg.conf.d"
[  5708.027] (==) ServerLayout "X11 Server"
[  5708.027] (**) |-->Screen "Screen (xrdpdev)" (0)
[  5708.027] (**) |   |-->Monitor "Monitor"
[  5708.027] (**) |   |-->Device "Video Card (xrdpdev)"
[  5708.027] (**) |-->Input Device "xrdpMouse"
[  5708.027] (**) |-->Input Device "xrdpKeyboard"
[  5708.027] (**) Option "DontVTSwitch" "on"
[  5708.027] (**) Option "AutoAddDevices" "off"
[  5708.027] (**) Not automatically adding devices
[  5708.027] (==) Automatically enabling devices
[  5708.027] (==) Automatically adding GPU devices
[  5708.027] (==) Max clients allowed: 256, resource mask: 0x1fffff
[  5708.028] (WW) The directory "/usr/share/fonts/X11/cyrillic" does not exist.
[  5708.028] 	Entry deleted from font path.
[  5708.028] (WW) The directory "/usr/share/fonts/X11/100dpi/" does not exist.
[  5708.028] 	Entry deleted from font path.
[  5708.028] (WW) The directory "/usr/share/fonts/X11/75dpi/" does not exist.
[  5708.028] 	Entry deleted from font path.
[  5708.028] (WW) The directory "/usr/share/fonts/X11/100dpi" does not exist.
[  5708.028] 	Entry deleted from font path.
[  5708.028] (WW) The directory "/usr/share/fonts/X11/75dpi" does not exist.
[  5708.028] 	Entry deleted from font path.
[  5708.028] (==) FontPath set to:
	/usr/share/fonts/X11/misc,
	/usr/share/fonts/X11/Type1,
	built-ins
[  5708.028] (==) ModulePath set to "/usr/lib/xorg/modules"
[  5708.028] (II) Loader magic: 0x5624de10ae00
[  5708.028] (II) Module ABI versions:
[  5708.028] 	X.Org ANSI C Emulation: 0.4
[  5708.028] 	X.Org Video Driver: 23.0
[  5708.028] 	X.Org XInput driver : 24.1
[  5708.028] 	X.Org Server Extension : 10.0
[  5708.030] (II) systemd-logind: took control of session /org/freedesktop/login1/session/c1
[  5708.043] (--) PCI:*(0:0:8:0) 1414:5353:0000:0000 rev 0, Mem @ 0xf8000000/67108864, BIOS @ 0x????????/131072
[  5708.043] (II) "glx" will be loaded. This was enabled by default and also specified in the config file.
[  5708.043] (II) LoadModule: "dbe"
[  5708.043] (II) Module "dbe" already built-in
[  5708.043] (II) LoadModule: "ddc"
[  5708.043] (II) Module "ddc" already built-in
[  5708.043] (II) LoadModule: "extmod"
[  5708.043] (II) Module "extmod" already built-in
[  5708.043] (II) LoadModule: "glx"
[  5708.043] (II) Loading /usr/lib/xorg/modules/extensions/libglx.so
[  5708.045] (II) Module glx: vendor="X.Org Foundation"
[  5708.045] 	compiled for 1.19.2, module version = 1.0.0
[  5708.045] 	ABI class: X.Org Server Extension, version 10.0
[  5708.045] (II) LoadModule: "int10"
[  5708.045] (II) Loading /usr/lib/xorg/modules/libint10.so
[  5708.045] (II) Module int10: vendor="X.Org Foundation"
[  5708.045] 	compiled for 1.19.2, module version = 1.0.0
[  5708.045] 	ABI class: X.Org Video Driver, version 23.0
[  5708.045] (II) LoadModule: "record"
[  5708.045] (II) Module "record" already built-in
[  5708.045] (II) LoadModule: "vbe"
[  5708.045] (II) Loading /usr/lib/xorg/modules/libvbe.so
[  5708.045] (II) Module vbe: vendor="X.Org Foundation"
[  5708.045] 	compiled for 1.19.2, module version = 1.1.0
[  5708.045] 	ABI class: X.Org Video Driver, version 23.0
[  5708.045] (II) LoadModule: "xorgxrdp"
[  5708.045] (II) Loading /usr/lib/xorg/modules/libxorgxrdp.so
[  5708.045] (II) Module XORGXRDP: vendor="X.Org Foundation"
[  5708.045] 	compiled for 1.19.2, module version = 1.0.0
[  5708.045] 	ABI class: X.Org Video Driver, version 23.0
[  5708.045] xorgxrdpSetup:
[  5708.045] (II) LoadModule: "fb"
[  5708.046] (II) Loading /usr/lib/xorg/modules/libfb.so
[  5708.046] (II) Module fb: vendor="X.Org Foundation"
[  5708.046] 	compiled for 1.19.2, module version = 1.0.0
[  5708.046] 	ABI class: X.Org ANSI C Emulation, version 0.4
[  5708.046] (II) LoadModule: "xrdpdev"
[  5708.046] (II) Loading /usr/lib/xorg/modules/drivers/xrdpdev_drv.so
[  5708.046] (II) Module XRDPDEV: vendor="X.Org Foundation"
[  5708.046] 	compiled for 1.19.2, module version = 1.0.0
[  5708.046] 	ABI class: X.Org Video Driver, version 23.0
[  5708.046] xrdpdevSetup:
[  5708.046] (II) LoadModule: "xrdpmouse"
[  5708.046] (II) Loading /usr/lib/xorg/modules/input/xrdpmouse_drv.so
[  5708.046] (II) Module XRDPMOUSE: vendor="X.Org Foundation"
[  5708.046] 	compiled for 1.19.2, module version = 1.0.0
[  5708.046] 	Module class: X.Org XInput Driver
[  5708.046] 	ABI class: X.Org XInput driver, version 24.1
[  5708.046] rdpmousePlug:
[  5708.046] (II) LoadModule: "xrdpkeyb"
[  5708.046] (II) Loading /usr/lib/xorg/modules/input/xrdpkeyb_drv.so
[  5708.046] (II) Module XRDPKEYB: vendor="X.Org Foundation"
[  5708.046] 	compiled for 1.19.2, module version = 1.0.0
[  5708.046] 	Module class: X.Org XInput Driver
[  5708.046] 	ABI class: X.Org XInput driver, version 24.1
[  5708.046] rdpkeybPlug:
[  5708.046] rdpIdentify:
[  5708.046] (II) XRDPDEV: driver for xrdp: XRDPDEV
[  5708.046] rdpDriverFunc: op 10
[  5708.046] (WW) Falling back to old probe method for XRDPDEV
[  5708.046] rdpProbe:
[  5708.046] (II) Loading sub module "fb"
[  5708.046] (II) LoadModule: "fb"
[  5708.046] (II) Loading /usr/lib/xorg/modules/libfb.so
[  5708.046] (II) Module fb: vendor="X.Org Foundation"
[  5708.046] 	compiled for 1.19.2, module version = 1.0.0
[  5708.046] 	ABI class: X.Org ANSI C Emulation, version 0.4
[  5708.046] (II) XRDPDEV(0): using default device
[  5708.046] (WW) VGA arbiter: cannot open kernel arbiter, no multi-card support
[  5708.046] rdpPreInit:
[  5708.046] (**) XRDPDEV(0): Depth 24, (--) framebuffer bpp 32
[  5708.046] (==) XRDPDEV(0): RGB weight 888
[  5708.046] (==) XRDPDEV(0): Using gamma correction (1.0, 1.0, 1.0)
[  5708.046] (==) XRDPDEV(0): Default visual is TrueColor
[  5708.046] (==) XRDPDEV(0): DPI set to (96, 96)
[  5708.046] (II) XRDPDEV(0): 	mode "640x480" ok
[  5708.046] (II) XRDPDEV(0): 	mode "800x600" ok
[  5708.046] (--) XRDPDEV(0): Virtual size is 800x600 (pitch 800)
[  5708.046] (**) XRDPDEV(0):  Default mode "800x600": 36.0 MHz (scaled from 0.0 MHz), 35.2 kHz, 56.2 Hz
[  5708.046] (II) XRDPDEV(0): Modeline "800x600"x0.0   36.00  800 824 896 1024  600 601 603 625 +hsync +vsync (35.2 kHz d)
[  5708.046] (==) Depth 24 pixmap format is 32 bpp
[  5708.046] rdpScreenInit: virtualX 800 virtualY 600 rgbBits 8 depth 24
[  5708.046] rdpScreenInit: pfbMemory bytes 1920000
[  5708.047] rdpScreenInit: pfbMemory 0x7f8777fd6010
[  5708.047] rdpSimdInit: assigning yuv functions
[  5708.047] rdpSimdInit: cpuid ax 1 cx 0 return ax 0x000406f1 bx 0x00020800 cx 0xfeda3223 dx 0x1f8bfbff
[  5708.047] rdpSimdInit: sse2 amd64 yuv functions assigned
[  5708.047] rdpXvInit: depth 24
[  5708.047] (==) XRDPDEV(0): Backing store enabled
[  5708.047] rdpScreenInit: out
[  5708.047] (==) RandR enabled
[  5708.050] (II) SELinux: Disabled on system
[  5708.051] (II) AIGLX: Screen 0 is not DRI2 capable
[  5708.051] (EE) AIGLX: reverting to software rendering
[  5708.072] (II) IGLX: enabled GLX_MESA_copy_sub_buffer
[  5708.073] (II) IGLX: Loaded and initialized swrast
[  5708.073] (II) GLX: Initialized DRISWRAST GL provider for screen 0
[  5708.095] (II) Using input driver 'XRDPMOUSE' for 'xrdpMouse'
[  5708.095] (**) Option "CorePointer"
[  5708.095] (**) xrdpMouse: always reports core events
[  5708.095] rdpmousePreInit: drv 0x5624deca5850 info 0x5624dedbe3a0, flags 0x0
[  5708.095] (II) XINPUT: Adding extended input device "xrdpMouse" (type: Mouse, id 6)
[  5708.095] rdpmouseControl: what 0
[  5708.095] rdpmouseDeviceInit:
[  5708.095] rdpmouseCtrl:
[  5708.095] rdpRegisterInputCallback: type 1 proc 0x7f87783afc70
[  5708.095] (**) xrdpMouse: (accel) keeping acceleration scheme 1
[  5708.095] (**) xrdpMouse: (accel) acceleration profile 0
[  5708.095] (**) xrdpMouse: (accel) acceleration factor: 2.000
[  5708.095] (**) xrdpMouse: (accel) acceleration threshold: 4
[  5708.095] rdpmouseControl: what 1
[  5708.095] rdpmouseDeviceOn:
[  5708.095] (II) Using input driver 'XRDPKEYB' for 'xrdpKeyboard'
[  5708.095] (**) Option "CoreKeyboard"
[  5708.095] (**) xrdpKeyboard: always reports core events
[  5708.095] rdpkeybPreInit: drv 0x5624deca5ff0 info 0x5624def47e20, flags 0x0
[  5708.095] (II) XINPUT: Adding extended input device "xrdpKeyboard" (type: Keyboard, id 7)
[  5708.095] rdpkeybControl: what 0
[  5708.095] rdpkeybDeviceInit:
[  5708.109] rdpkeybChangeKeyboardControl:
[  5708.109] rdpkeybChangeKeyboardControl: autoRepeat on
[  5708.109] rdpRegisterInputCallback: type 0 proc 0x7f87781ac530
[  5708.109] rdpkeybControl: what 1
[  5708.109] rdpkeybDeviceOn:
[  5708.116] (II) config/udev: Adding input device Microsoft Vmbus HID-compliant Mouse (/dev/input/event3)
[  5708.116] (II) AutoAddDevices is off - not adding device.
[  5708.116] (II) config/udev: Adding input device Microsoft Vmbus HID-compliant Mouse (/dev/input/js0)
[  5708.116] (II) AutoAddDevices is off - not adding device.
[  5708.117] (II) config/udev: Adding input device Microsoft Vmbus HID-compliant Mouse (/dev/input/mouse0)
[  5708.117] (II) AutoAddDevices is off - not adding device.
[  5708.117] (II) config/udev: Adding input device Power Button (/dev/input/event0)
[  5708.117] (II) AutoAddDevices is off - not adding device.
[  5708.117] (II) config/udev: Adding input device AT Translated Set 2 keyboard (/dev/input/event2)
[  5708.117] (II) AutoAddDevices is off - not adding device.
[  5708.118] (II) config/udev: Adding input device AT Translated Set 2 keyboard (/dev/input/event1)
[  5708.118] (II) AutoAddDevices is off - not adding device.
[  5708.122] rdpSaveScreen:
[  5708.122] rdpDeferredRandR:
[  5708.122] rdpResizeSession: width 1024 height 768
[  5708.122]   calling RRScreenSizeSet
[  5708.122] rdpRRScreenSetSize: width 1024 height 768 mmWidth 271 mmHeight 203
[  5708.122] rdpRRGetInfo:
[  5708.122]   screen resized to 1024x768
[  5708.124]   RRScreenSizeSet ok 1
[  5708.124] rdpResizeSession: width 1280 height 881
[  5708.124]   calling RRScreenSizeSet
[  5708.124] rdpRRScreenSetSize: width 1280 height 881 mmWidth 339 mmHeight 233
[  5708.124] rdpRRGetInfo:
[  5708.124]   screen resized to 1280x881
[  5708.125]   RRScreenSizeSet ok 1
[  5708.210] rdpInDeferredUpdateCallback:
[  5708.210] rdpkeybChangeKeyboardControl:
[  5708.210] rdpkeybChangeKeyboardControl: autoRepeat off
[  5708.310] rdpRRGetInfo:
[  5708.311] rdpRRGetInfo:
[  5708.351] rdpRRGetInfo:
[  5708.351] rdpRRGetInfo:
[  5708.364] rdpRRGetInfo:
[  5708.365] rdpRRGetInfo:
[  5708.377] rdpRRGetInfo:
[  5708.377] rdpRRGetInfo:
[  5708.392] rdpRRGetInfo:
[  5708.395] rdpRRGetInfo:
[  5708.408] rdpRRGetInfo:
[  5708.408] rdpRRGetInfo:
[  5708.451] rdpRRGetInfo:
[  5708.452] rdpRRGetInfo:
[  5708.465] rdpRRGetInfo:
[  5708.482] rdpRRGetInfo:
[  5708.485] rdpRRGetInfo:
[  5708.496] rdpkeybChangeKeyboardControl:
[  5708.496] rdpkeybChangeKeyboardControl: autoRepeat on
[  5708.500] rdpkeybChangeKeyboardControl:
[  5708.500] rdpkeybChangeKeyboardControl: autoRepeat on
[  5708.504] rdpkeybChangeKeyboardControl:
[  5708.504] rdpkeybChangeKeyboardControl: autoRepeat on
[  5708.580] rdpRRGetInfo:
[  5708.581] rdpRRGetInfo:
[  5708.592] rdpRRGetInfo:
[  5708.606] rdpInDeferredUpdateCallback:
[  5708.606] rdpkeybChangeKeyboardControl:
[  5708.606] rdpkeybChangeKeyboardControl: autoRepeat off
[  5708.611] rdpClientConGotConnection:
[  5708.611] rdpClientConGotConnection: g_sck_accept ok new_sck 32
[  5708.611] rdpClientConGotConnection: adding only clientCon
[  5708.618] rdpRRGetInfo:
[  5708.618] rdpRRGetInfo:
[  5708.619] rdpRRGetInfo:
[  5708.623] rdpRRGetInfo:
[  5708.643] rdpClientConProcessMsgVersion: version 0 0 0 1
[  5708.643] rdpClientConProcessScreenSizeMsg: set width 1280 height 881 bpp 16
[  5708.643] rdpClientConProcessScreenSizeMsg: shmemid 1441797 shmemptr 0x7f87703d4000
[  5708.643] rdpClientConProcessMsgClientInput: invalidate x 0 y 0 cx 1280 cy 881
[  5708.657] rdpSaveScreen:
[  5708.658] rdpClientConProcessMsgClientInfo:
[  5708.658]   got client info bytes 5792
[  5708.658]   jpeg support 0
[  5708.658]   offscreen support 0
[  5708.658]   offscreen size 0
[  5708.658]   offscreen entries 0
[  5708.659]   client supports glyph cache but server disabled
[  5708.659]   client can not do offscreen to offscreen blits
[  5708.659]   client can do new(color) cursor
[  5708.659]   client can not do multimon
[  5708.659] rdpRRSetRdpOutputs: numCrtcs 0
[  5708.659] rdpRRSetRdpOutputs: numOutputs 0
[  5708.659] rdpLoadLayout: keylayout 0x00000409 variant  display 11
[  5708.659] rdpkeybChangeKeyboardControl:
[  5708.659] rdpkeybChangeKeyboardControl: autoRepeat on
[  5708.660] rdpkeybChangeKeyboardControl:
[  5708.660] rdpkeybChangeKeyboardControl: autoRepeat on
[  5708.661] rdpRRGetPanning: 0x5624defe8220
[  5708.662] rdpRRGetPanning: 0x5624defe8220
[  5708.663] rdpRRGetPanning: 0x5624defe8220
[  5708.663] rdpRRGetPanning: 0x5624defe8220
[  5708.663] rdpRRGetInfo:
[  5708.670] rdpRRGetInfo:
[  5708.670] rdpRRGetPanning: 0x5624defe8220
[  5708.672] rdpRRGetPanning: 0x5624defe8220
[  5708.672] rdpRRGetPanning: 0x5624defe8220
[  5708.672] rdpRRGetPanning: 0x5624defe8220
[  5708.711] rdpRRGetPanning: 0x5624defe8220
[  5708.711] rdpRRGetPanning: 0x5624defe8220
[  5708.717] rdpRRGetPanning: 0x5624defe8220
[  5708.718] rdpRRGetPanning: 0x5624defe8220
[  5708.740] rdpRRGetPanning: 0x5624defe8220
[  5708.741] rdpRRGetPanning: 0x5624defe8220
[  5708.806] rdpRRGetInfo:
[  5708.807] rdpRRGetPanning: 0x5624defe8220
[  5708.807] rdpRRGetPanning: 0x5624defe8220
[  5708.824] rdpRRGetPanning: 0x5624defe8220
[  5708.843] rdpInDeferredUpdateCallback:
[  5708.843] rdpkeybChangeKeyboardControl:
[  5708.843] rdpkeybChangeKeyboardControl: autoRepeat off
[  5708.843] rdpkeybChangeKeyboardControl:
[  5708.843] rdpkeybChangeKeyboardControl: autoRepeat off
[  5708.843] rdpRRGetPanning: 0x5624defe8220
[  5708.865] rdpRRGetPanning: 0x5624defe8220
[  5708.866] rdpRRGetPanning: 0x5624defe8220
[  5708.878] rdpkeybChangeKeyboardControl:
[  5708.878] rdpkeybChangeKeyboardControl: autoRepeat off
[  5708.878] rdpkeybChangeKeyboardControl:
[  5708.878] rdpkeybChangeKeyboardControl: autoRepeat on
[  5708.881] rdpRRGetPanning: 0x5624defe8220
[  5708.881] rdpRRGetPanning: 0x5624defe8220
[  5708.983] rdpInDeferredUpdateCallback:
[  5708.983] rdpkeybChangeKeyboardControl:
[  5708.983] rdpkeybChangeKeyboardControl: autoRepeat off
[  5708.983] rdpkeybChangeKeyboardControl:
[  5708.983] rdpkeybChangeKeyboardControl: autoRepeat off
[  5709.331] rdpRRGetPanning: 0x5624defe8220
[  5709.331] rdpRRGetPanning: 0x5624defe8220
[  5728.746] rdpRRGetPanning: 0x5624defe8220
[  5728.762] rdpRRGetPanning: 0x5624defe8220
[  5728.777] rdpRRGetPanning: 0x5624defe8220
[  5874.809] rdpDeferredUpdateCallback: reschedule rect_id 63 rect_id_ack 62
[  5874.905] rdpDeferredUpdateCallback: reschedule rect_id 64 rect_id_ack 63
